This file contains any messages produced by compilers while
running configure, to aid debugging if configure makes a mistake.

It was created by erl-spidermonkey configure 0.1, which was
generated by GNU Autoconf 2.61.  Invocation command line was

  $ ./configure 

## --------- ##
## Platform. ##
## --------- ##

hostname = Hackintosh
uname -m = i386
uname -r = 9.7.0
uname -s = Darwin
uname -v = Darwin Kernel Version 9.7.0: Tue Mar 31 22:52:17 PDT 2009; root:xnu-1228.12.14~1/RELEASE_I386

/usr/bin/uname -p = i386
/bin/uname -X     = unknown

/bin/arch              = unknown
/usr/bin/arch -k       = unknown
/usr/convex/getsysinfo = unknown
/usr/bin/hostinfo      = Mach kernel version:
	 Darwin Kernel Version 9.7.0: Tue Mar 31 22:52:17 PDT 2009; root:xnu-1228.12.14~1/RELEASE_I386
Kernel configured for up to 4 processors.
4 processors are physically available.
4 processors are logically available.
Processor type: i486 (Intel 80486)
Processors active: 0 1 2 3
Primary memory available: 8.00 gigabytes
Default processor set: 94 tasks, 461 threads, 4 processors
Load average: 1.19, Mach factor: 2.80
/bin/machine           = unknown
/usr/bin/oslevel       = unknown
/bin/universe          = unknown

PATH: /Library/Frameworks/Python.framework/Versions/Current/bin
PATH: /usr/bin
PATH: /bin
PATH: /usr/sbin
PATH: /sbin
PATH: /usr/local/bin
PATH: /opt/PalmSDK/0.1/bin
PATH: /usr/X11/bin
PATH: /usr/local/git/bin


## ----------- ##
## Core tests. ##
## ----------- ##

configure:1779: checking for a BSD-compatible install
configure:1835: result: /usr/bin/install -c
configure:1846: checking whether build environment is sane
configure:1889: result: yes
configure:1917: checking for a thread-safe mkdir -p
configure:1956: result: ./install-sh -c -d
configure:1969: checking for gawk
configure:1999: result: no
configure:1969: checking for mawk
configure:1999: result: no
configure:1969: checking for nawk
configure:1999: result: no
configure:1969: checking for awk
configure:1985: found /usr/bin/awk
configure:1996: result: awk
configure:2007: checking whether make sets $(MAKE)
configure:2028: result: yes
configure:2276: checking for gcc
configure:2292: found /usr/bin/gcc
configure:2303: result: gcc
configure:2541: checking for C compiler version
configure:2548: gcc --version >&5
i686-apple-darwin9-gcc-4.0.1 (GCC) 4.0.1 (Apple Inc. build 5465)
Copyright (C) 2005 Free Software Foundation, Inc.
This is free software; see the source for copying conditions.  There is NO
warranty; not even for MERCHANTABILITY or FITNESS FOR A PARTICULAR PURPOSE.

configure:2551: $? = 0
configure:2558: gcc -v >&5
Using built-in specs.
Target: i686-apple-darwin9
Configured with: /var/tmp/gcc/gcc-5465~16/src/configure --disable-checking -enable-werror --prefix=/usr --mandir=/share/man --enable-languages=c,objc,c++,obj-c++ --program-transform-name=/^[cg][^.-]*$/s/$/-4.0/ --with-gxx-include-dir=/include/c++/4.0.0 --with-slibdir=/usr/lib --build=i686-apple-darwin9 --with-arch=apple --with-tune=generic --host=i686-apple-darwin9 --target=i686-apple-darwin9
Thread model: posix
gcc version 4.0.1 (Apple Inc. build 5465)
configure:2561: $? = 0
configure:2568: gcc -V >&5
gcc-4.0: argument to `-V' is missing
configure:2571: $? = 1
configure:2594: checking for C compiler default output file name
configure:2621: gcc    conftest.c  >&5
configure:2624: $? = 0
configure:2662: result: a.out
configure:2679: checking whether the C compiler works
configure:2689: ./a.out
configure:2692: $? = 0
configure:2709: result: yes
configure:2716: checking whether we are cross compiling
configure:2718: result: no
configure:2721: checking for suffix of executables
configure:2728: gcc -o conftest    conftest.c  >&5
configure:2731: $? = 0
configure:2755: result: 
configure:2761: checking for suffix of object files
configure:2787: gcc -c   conftest.c >&5
configure:2790: $? = 0
configure:2813: result: o
configure:2817: checking whether we are using the GNU C compiler
configure:2846: gcc -c   conftest.c >&5
configure:2852: $? = 0
configure:2869: result: yes
configure:2874: checking whether gcc accepts -g
configure:2904: gcc -c -g  conftest.c >&5
configure:2910: $? = 0
configure:3009: result: yes
configure:3026: checking for gcc option to accept ISO C89
configure:3100: gcc  -c -g -O2  conftest.c >&5
configure:3106: $? = 0
configure:3129: result: none needed
configure:3158: checking for style of include used by make
configure:3186: result: GNU
configure:3211: checking dependency style of gcc
configure:3302: result: gcc3
configure:3358: checking for JS_NewContext in -ljs
configure:3393: gcc -o conftest -g -O2  -L/usr/local/lib -L/opt/local/lib  -I/usr/include -I/usr/include/js -I/usr/include/mozjs -I/usr/local/include -I/opt/local/include -I/usr/local/include/js -I/opt/local/include/js -DXP_UNIX    -L/usr/local/lib -L/opt/local/lib  -I/usr/include -I/usr/include/js -I/usr/include/mozjs -I/usr/local/include -I/opt/local/include -I/usr/local/include/js -I/opt/local/include/js -DXP_UNIX  -lm  conftest.c -ljs   -L/usr/local/lib -L/opt/local/lib  >&5
configure:3399: $? = 0
configure:3417: result: yes
configure:3516: checking how to run the C preprocessor
configure:3556: gcc -E  -L/usr/local/lib -L/opt/local/lib  -I/usr/include -I/usr/include/js -I/usr/include/mozjs -I/usr/local/include -I/opt/local/include -I/usr/local/include/js -I/opt/local/include/js -DXP_UNIX   conftest.c
configure:3562: $? = 0
configure:3593: gcc -E  -L/usr/local/lib -L/opt/local/lib  -I/usr/include -I/usr/include/js -I/usr/include/mozjs -I/usr/local/include -I/opt/local/include -I/usr/local/include/js -I/opt/local/include/js -DXP_UNIX   conftest.c
conftest.c:12:28: error: ac_nonexistent.h: No such file or directory
configure:3599: $? = 1
configure: failed program was:
| /* confdefs.h.  */
| #define PACKAGE_NAME "erl-spidermonkey"
| #define PACKAGE_TARNAME "erl-spidermonkey"
| #define PACKAGE_VERSION "0.1"
| #define PACKAGE_STRING "erl-spidermonkey 0.1"
| #define PACKAGE_BUGREPORT ""
| #define PACKAGE "erl-spidermonkey"
| #define VERSION "0.1"
| #define _GNU_SOURCE 1
| #define HAVE_LIBJS 1
| /* end confdefs.h.  */
| #include <ac_nonexistent.h>
configure:3632: result: gcc -E
configure:3661: gcc -E  -L/usr/local/lib -L/opt/local/lib  -I/usr/include -I/usr/include/js -I/usr/include/mozjs -I/usr/local/include -I/opt/local/include -I/usr/local/include/js -I/opt/local/include/js -DXP_UNIX   conftest.c
configure:3667: $? = 0
configure:3698: gcc -E  -L/usr/local/lib -L/opt/local/lib  -I/usr/include -I/usr/include/js -I/usr/include/mozjs -I/usr/local/include -I/opt/local/include -I/usr/local/include/js -I/opt/local/include/js -DXP_UNIX   conftest.c
conftest.c:12:28: error: ac_nonexistent.h: No such file or directory
configure:3704: $? = 1
configure: failed program was:
| /* confdefs.h.  */
| #define PACKAGE_NAME "erl-spidermonkey"
| #define PACKAGE_TARNAME "erl-spidermonkey"
| #define PACKAGE_VERSION "0.1"
| #define PACKAGE_STRING "erl-spidermonkey 0.1"
| #define PACKAGE_BUGREPORT ""
| #define PACKAGE "erl-spidermonkey"
| #define VERSION "0.1"
| #define _GNU_SOURCE 1
| #define HAVE_LIBJS 1
| /* end confdefs.h.  */
| #include <ac_nonexistent.h>
configure:3742: checking for grep that handles long lines and -e
configure:3816: result: /usr/bin/grep
configure:3821: checking for egrep
configure:3899: result: /usr/bin/grep -E
configure:3904: checking for ANSI C header files
configure:3934: gcc -c -g -O2  -L/usr/local/lib -L/opt/local/lib  -I/usr/include -I/usr/include/js -I/usr/include/mozjs -I/usr/local/include -I/opt/local/include -I/usr/local/include/js -I/opt/local/include/js -DXP_UNIX   conftest.c >&5
configure:3940: $? = 0
configure:4039: gcc -o conftest -g -O2  -L/usr/local/lib -L/opt/local/lib  -I/usr/include -I/usr/include/js -I/usr/include/mozjs -I/usr/local/include -I/opt/local/include -I/usr/local/include/js -I/opt/local/include/js -DXP_UNIX    -L/usr/local/lib -L/opt/local/lib  -I/usr/include -I/usr/include/js -I/usr/include/mozjs -I/usr/local/include -I/opt/local/include -I/usr/local/include/js -I/opt/local/include/js -DXP_UNIX  -lm  conftest.c -ljs  -L/usr/local/lib -L/opt/local/lib  >&5
configure:4042: $? = 0
configure:4048: ./conftest
configure:4051: $? = 0
configure:4068: result: yes
configure:4092: checking for sys/types.h
configure:4113: gcc -c -g -O2  -L/usr/local/lib -L/opt/local/lib  -I/usr/include -I/usr/include/js -I/usr/include/mozjs -I/usr/local/include -I/opt/local/include -I/usr/local/include/js -I/opt/local/include/js -DXP_UNIX   conftest.c >&5
configure:4119: $? = 0
configure:4135: result: yes
configure:4092: checking for sys/stat.h
configure:4113: gcc -c -g -O2  -L/usr/local/lib -L/opt/local/lib  -I/usr/include -I/usr/include/js -I/usr/include/mozjs -I/usr/local/include -I/opt/local/include -I/usr/local/include/js -I/opt/local/include/js -DXP_UNIX   conftest.c >&5
configure:4119: $? = 0
configure:4135: result: yes
configure:4092: checking for stdlib.h
configure:4113: gcc -c -g -O2  -L/usr/local/lib -L/opt/local/lib  -I/usr/include -I/usr/include/js -I/usr/include/mozjs -I/usr/local/include -I/opt/local/include -I/usr/local/include/js -I/opt/local/include/js -DXP_UNIX   conftest.c >&5
configure:4119: $? = 0
configure:4135: result: yes
configure:4092: checking for string.h
configure:4113: gcc -c -g -O2  -L/usr/local/lib -L/opt/local/lib  -I/usr/include -I/usr/include/js -I/usr/include/mozjs -I/usr/local/include -I/opt/local/include -I/usr/local/include/js -I/opt/local/include/js -DXP_UNIX   conftest.c >&5
configure:4119: $? = 0
configure:4135: result: yes
configure:4092: checking for memory.h
configure:4113: gcc -c -g -O2  -L/usr/local/lib -L/opt/local/lib  -I/usr/include -I/usr/include/js -I/usr/include/mozjs -I/usr/local/include -I/opt/local/include -I/usr/local/include/js -I/opt/local/include/js -DXP_UNIX   conftest.c >&5
configure:4119: $? = 0
configure:4135: result: yes
configure:4092: checking for strings.h
configure:4113: gcc -c -g -O2  -L/usr/local/lib -L/opt/local/lib  -I/usr/include -I/usr/include/js -I/usr/include/mozjs -I/usr/local/include -I/opt/local/include -I/usr/local/include/js -I/opt/local/include/js -DXP_UNIX   conftest.c >&5
configure:4119: $? = 0
configure:4135: result: yes
configure:4092: checking for inttypes.h
configure:4113: gcc -c -g -O2  -L/usr/local/lib -L/opt/local/lib  -I/usr/include -I/usr/include/js -I/usr/include/mozjs -I/usr/local/include -I/opt/local/include -I/usr/local/include/js -I/opt/local/include/js -DXP_UNIX   conftest.c >&5
configure:4119: $? = 0
configure:4135: result: yes
configure:4092: checking for stdint.h
configure:4113: gcc -c -g -O2  -L/usr/local/lib -L/opt/local/lib  -I/usr/include -I/usr/include/js -I/usr/include/mozjs -I/usr/local/include -I/opt/local/include -I/usr/local/include/js -I/opt/local/include/js -DXP_UNIX   conftest.c >&5
configure:4119: $? = 0
configure:4135: result: yes
configure:4092: checking for unistd.h
configure:4113: gcc -c -g -O2  -L/usr/local/lib -L/opt/local/lib  -I/usr/include -I/usr/include/js -I/usr/include/mozjs -I/usr/local/include -I/opt/local/include -I/usr/local/include/js -I/opt/local/include/js -DXP_UNIX   conftest.c >&5
configure:4119: $? = 0
configure:4135: result: yes
configure:4157: checking jsapi.h usability
configure:4174: gcc -c -g -O2  -L/usr/local/lib -L/opt/local/lib  -I/usr/include -I/usr/include/js -I/usr/include/mozjs -I/usr/local/include -I/opt/local/include -I/usr/local/include/js -I/opt/local/include/js -DXP_UNIX   conftest.c >&5
configure:4180: $? = 0
configure:4194: result: yes
configure:4198: checking jsapi.h presence
configure:4213: gcc -E  -L/usr/local/lib -L/opt/local/lib  -I/usr/include -I/usr/include/js -I/usr/include/mozjs -I/usr/local/include -I/opt/local/include -I/usr/local/include/js -I/opt/local/include/js -DXP_UNIX   conftest.c
configure:4219: $? = 0
configure:4233: result: yes
configure:4261: checking for jsapi.h
configure:4268: result: yes
configure:4286: checking for ANSI C header files
configure:4450: result: yes
configure:4466: checking for stdlib.h
configure:4472: result: yes
configure:4466: checking for string.h
configure:4472: result: yes
configure:4603: checking for an ANSI C-conforming const
configure:4678: gcc -c -g -O2  -L/usr/local/lib -L/opt/local/lib  -I/usr/include -I/usr/include/js -I/usr/include/mozjs -I/usr/local/include -I/opt/local/include -I/usr/local/include/js -I/opt/local/include/js -DXP_UNIX   conftest.c >&5
configure:4684: $? = 0
configure:4699: result: yes
configure:4709: checking for size_t
configure:4739: gcc -c -g -O2  -L/usr/local/lib -L/opt/local/lib  -I/usr/include -I/usr/include/js -I/usr/include/mozjs -I/usr/local/include -I/opt/local/include -I/usr/local/include/js -I/opt/local/include/js -DXP_UNIX   conftest.c >&5
configure:4745: $? = 0
configure:4760: result: yes
configure:4895: creating ./config.status

## ---------------------- ##
## Running config.status. ##
## ---------------------- ##

This file was extended by erl-spidermonkey config.status 0.1, which was
generated by GNU Autoconf 2.61.  Invocation command line was

  CONFIG_FILES    = 
  CONFIG_HEADERS  = 
  CONFIG_LINKS    = 
  CONFIG_COMMANDS = 
  $ ./config.status 

on Hackintosh

config.status:638: creating Makefile
config.status:638: creating src/Makefile
config.status:638: creating src/spidermonkey/Makefile
config.status:638: creating config.h
config.status:869: config.h is unchanged
config.status:915: executing depfiles commands

## ---------------- ##
## Cache variables. ##
## ---------------- ##

ac_cv_c_compiler_gnu=yes
ac_cv_c_const=yes
ac_cv_env_CC_set=
ac_cv_env_CC_value=
ac_cv_env_CFLAGS_set=
ac_cv_env_CFLAGS_value=
ac_cv_env_CPPFLAGS_set=
ac_cv_env_CPPFLAGS_value=
ac_cv_env_CPP_set=
ac_cv_env_CPP_value=
ac_cv_env_FLAGS_set=
ac_cv_env_FLAGS_value=
ac_cv_env_LDFLAGS_set=
ac_cv_env_LDFLAGS_value=
ac_cv_env_LIBS_set=
ac_cv_env_LIBS_value=
ac_cv_env_build_alias_set=
ac_cv_env_build_alias_value=
ac_cv_env_host_alias_set=
ac_cv_env_host_alias_value=
ac_cv_env_target_alias_set=
ac_cv_env_target_alias_value=
ac_cv_header_inttypes_h=yes
ac_cv_header_jsapi_h=yes
ac_cv_header_memory_h=yes
ac_cv_header_stdc=yes
ac_cv_header_stdint_h=yes
ac_cv_header_stdlib_h=yes
ac_cv_header_string_h=yes
ac_cv_header_strings_h=yes
ac_cv_header_sys_stat_h=yes
ac_cv_header_sys_types_h=yes
ac_cv_header_unistd_h=yes
ac_cv_lib_js_JS_NewContext=yes
ac_cv_objext=o
ac_cv_path_EGREP='/usr/bin/grep -E'
ac_cv_path_GREP=/usr/bin/grep
ac_cv_path_install='/usr/bin/install -c'
ac_cv_prog_AWK=awk
ac_cv_prog_CPP='gcc -E'
ac_cv_prog_ac_ct_CC=gcc
ac_cv_prog_cc_c89=
ac_cv_prog_cc_g=yes
ac_cv_prog_make_make_set=yes
ac_cv_type_size_t=yes
am_cv_CC_dependencies_compiler_type=gcc3

## ----------------- ##
## Output variables. ##
## ----------------- ##

ACLOCAL='${SHELL} /Users/kurt/Documents/Projects/erl-spidermonkey/missing --run aclocal-1.10'
AMDEPBACKSLASH='\'
AMDEP_FALSE='#'
AMDEP_TRUE=''
AMTAR='${SHELL} /Users/kurt/Documents/Projects/erl-spidermonkey/missing --run tar'
AUTOCONF='${SHELL} /Users/kurt/Documents/Projects/erl-spidermonkey/missing --run autoconf'
AUTOHEADER='${SHELL} /Users/kurt/Documents/Projects/erl-spidermonkey/missing --run autoheader'
AUTOMAKE='${SHELL} /Users/kurt/Documents/Projects/erl-spidermonkey/missing --run automake-1.10'
AWK='awk'
CC='gcc'
CCDEPMODE='depmode=gcc3'
CFLAGS='-g -O2'
CPP='gcc -E'
CPPFLAGS=' -L/usr/local/lib -L/opt/local/lib  -I/usr/include -I/usr/include/js -I/usr/include/mozjs -I/usr/local/include -I/opt/local/include -I/usr/local/include/js -I/opt/local/include/js -DXP_UNIX  '
CYGPATH_W='echo'
DEFS='-DHAVE_CONFIG_H'
DEPDIR='.deps'
ECHO_C='ECHO_N=''
ECHO_T=''
EGREP='/usr/bin/grep -E'
EXEEXT=''
FLAGS=' -L/usr/local/lib -L/opt/local/lib  -I/usr/include -I/usr/include/js -I/usr/include/mozjs -I/usr/local/include -I/opt/local/include -I/usr/local/include/js -I/opt/local/include/js -DXP_UNIX '
GREP='/usr/bin/grep'
INSTALL_DATA='${INSTALL} -m 644'
INSTALL_PROGRAM='${INSTALL}'
INSTALL_SCRIPT='${INSTALL}'
INSTALL_STRIP_PROGRAM='$(install_sh) -c -s'
LDFLAGS=' -L/usr/local/lib -L/opt/local/lib  -I/usr/include -I/usr/include/js -I/usr/include/mozjs -I/usr/local/include -I/opt/local/include -I/usr/local/include/js -I/opt/local/include/js -DXP_UNIX  -lm '
LIBOBJS=''
LIBS='-ljs  -L/usr/local/lib -L/opt/local/lib '
LTLIBOBJS=''
MAKEINFO='${SHELL} /Users/kurt/Documents/Projects/erl-spidermonkey/missing --run makeinfo'
OBJEXT='o'
PACKAGE='erl-spidermonkey'
PACKAGE_BUGREPORT=''
PACKAGE_NAME='erl-spidermonkey'
PACKAGE_STRING='erl-spidermonkey 0.1'
PACKAGE_TARNAME='erl-spidermonkey'
PACKAGE_VERSION='0.1'
PATH_SEPARATOR=':'
SET_MAKE=''
SHELL='/bin/sh'
STRIP=''
VERSION='0.1'
ac_ct_CC='gcc'
am__fastdepCC_FALSE='#'
am__fastdepCC_TRUE=''
am__include='include'
am__isrc=''
am__leading_dot='.'
am__quote=''
am__tar='${AMTAR} chof - "$$tardir"'
am__untar='${AMTAR} xf -'
bindir='${exec_prefix}/bin'
build_alias=''
datadir='${datarootdir}'
datarootdir='${prefix}/share'
docdir='${datarootdir}/doc/${PACKAGE_TARNAME}'
dvidir='${docdir}'
exec_prefix='${prefix}'
host_alias=''
htmldir='${docdir}'
includedir='${prefix}/include'
infodir='${datarootdir}/info'
install_sh='$(SHELL) /Users/kurt/Documents/Projects/erl-spidermonkey/install-sh'
libdir='${exec_prefix}/lib'
libexecdir='${exec_prefix}/libexec'
localedir='${datarootdir}/locale'
localstatedir='${prefix}/var'
mandir='${datarootdir}/man'
mkdir_p='$(top_builddir)/./install-sh -c -d'
oldincludedir='/usr/include'
pdfdir='${docdir}'
prefix='/usr/local'
program_transform_name='s,x,x,'
psdir='${docdir}'
sbindir='${exec_prefix}/sbin'
sharedstatedir='${prefix}/com'
sysconfdir='${prefix}/etc'
target_alias=''

## ----------- ##
## confdefs.h. ##
## ----------- ##

#define PACKAGE_NAME "erl-spidermonkey"
#define PACKAGE_TARNAME "erl-spidermonkey"
#define PACKAGE_VERSION "0.1"
#define PACKAGE_STRING "erl-spidermonkey 0.1"
#define PACKAGE_BUGREPORT ""
#define PACKAGE "erl-spidermonkey"
#define VERSION "0.1"
#define _GNU_SOURCE 1
#define HAVE_LIBJS 1
#define STDC_HEADERS 1
#define HAVE_SYS_TYPES_H 1
#define HAVE_SYS_STAT_H 1
#define HAVE_STDLIB_H 1
#define HAVE_STRING_H 1
#define HAVE_MEMORY_H 1
#define HAVE_STRINGS_H 1
#define HAVE_INTTYPES_H 1
#define HAVE_STDINT_H 1
#define HAVE_UNISTD_H 1
#define STDC_HEADERS 1
#define HAVE_STDLIB_H 1
#define HAVE_STRING_H 1

configure: exit 0
